This is LuaHBTeX, Version 1.18.0 (TeX Live 2024)  (format=lualatex 2024.3.26)  11 SEP 2024 18:28
 restricted system commands enabled.
**/research_jude/rgs01_jude/dept/DNB/core_operations/Bioinformatics/achroni/Git
Hub/KIDS24-team1/analyses/data-exploratory-analysis/plots/Report-data-explorato
ry-analysis-2024-09-11.tex

(/research_jude/rgs01_jude/dept/DNB/core_operations/Bioinformatics/achroni/GitH
ub/KIDS24-team1/analyses/data-exploratory-analysis/plots/Report-data-explorator
y-analysis-2024-09-11.tex
LaTeX2e <2023-11-01> patch level 1
L3 programming layer <2024-03-14>
Lua module: luaotfload 2024-02-14 3.28 Lua based OpenType font support
Lua module: lualibs 2023-07-13 2.76 ConTeXt Lua standard libraries.
Lua module: lualibs-extended 2023-07-13 2.76 ConTeXt Lua libraries -- extended c
ollection.
luaotfload | conf : Root cache directory is "/home/achroni/.texlive2024/texmf-va
r/luatex-cache/generic/names".
luaotfload | init : Loading fontloader "fontloader-2023-12-28.lua" from kpse-res
olved path "/research/rgs01/applications/hpcf/authorized_apps/rhel8_apps/texlive
/install/2024/texmf-dist/tex/luatex/luaotfload/fontloader-2023-12-28.lua".
Lua-only attribute luaotfload@noligature = 1
luaotfload | init : Context OpenType loader version 3.134
Inserting `luaotfload.node_processor' in `pre_linebreak_filter'.
Inserting `luaotfload.node_processor' in `hpack_filter'.
Inserting `luaotfload.glyph_stream' in `glyph_stream_provider'.
Inserting `luaotfload.define_font' in `define_font'.
Lua-only attribute luaotfload_color_attribute = 2
luaotfload | conf : Root cache directory is "/home/achroni/.texlive2024/texmf-va
r/luatex-cache/generic/names".
Inserting `luaotfload.harf.strip_prefix' in `find_opentype_file'.
Inserting `luaotfload.harf.strip_prefix' in `find_truetype_file'.
Removing  `luaotfload.glyph_stream' from `glyph_stream_provider'.
Inserting `luaotfload.harf.glyphstream' in `glyph_stream_provider'.
Inserting `luaotfload.harf.finalize_vlist' in `post_linebreak_filter'.
Inserting `luaotfload.harf.finalize_hlist' in `hpack_filter'.
Inserting `luaotfload.cleanup_files' in `wrapup_run'.
Inserting `luaotfload.harf.finalize_unicode' in `finish_pdffile'.
Inserting `luaotfload.glyphinfo' in `glyph_info'.
Lua-only attribute luaotfload.letterspace_done = 3
Inserting `luaotfload.aux.set_sscale_dimens' in `luaotfload.patch_font'.
Inserting `luaotfload.aux.set_font_index' in `luaotfload.patch_font'.
Inserting `luaotfload.aux.patch_cambria_domh' in `luaotfload.patch_font'.
Inserting `luaotfload.aux.fixup_fontdata' in `luaotfload.patch_font_unsafe'.
Inserting `luaotfload.aux.set_capheight' in `luaotfload.patch_font'.
Inserting `luaotfload.aux.set_xheight' in `luaotfload.patch_font'.
Inserting `luaotfload.rewrite_fontname' in `luaotfload.patch_font'.
Inserting `tracingstacklevels' in `input_level_string'.
(/research/rgs01/applications/hpcf/authorized_apps/rhel8_apps/texlive/install/2
024/texmf-dist/tex/latex/base/article.cls
Document Class: article 2023/05/17 v1.4n Standard LaTeX document class

(/research/rgs01/applications/hpcf/authorized_apps/rhel8_apps/texlive/install/2
024/texmf-dist/tex/latex/base/size10.clo
File: size10.clo 2023/05/17 v1.4n Standard LaTeX file (size option)
luaotfload | db : Font names database loaded from /home/achroni/.texlive2024/tex
mf-var/luatex-cache/generic/names/luaotfload-names.luc.gz)
\c@part=\count186
\c@section=\count187
\c@subsection=\count188
\c@subsubsection=\count189
\c@paragraph=\count190
\c@subparagraph=\count191
\c@figure=\count192
\c@table=\count193
\abovecaptionskip=\skip48
\belowcaptionskip=\skip49
\bibindent=\dimen139
)
(/research/rgs01/applications/hpcf/authorized_apps/rhel8_apps/texlive/install/2
024/texmf-dist/tex/latex/amsmath/amsmath.sty
Package: amsmath 2023/05/13 v2.17o AMS math features
\@mathmargin=\skip50
For additional information on amsmath, use the `?' option.

(/research/rgs01/applications/hpcf/authorized_apps/rhel8_apps/texlive/install/2
024/texmf-dist/tex/latex/amsmath/amstext.sty
Package: amstext 2021/08/26 v2.01 AMS text

(/research/rgs01/applications/hpcf/authorized_apps/rhel8_apps/texlive/install/2
024/texmf-dist/tex/latex/amsmath/amsgen.sty
File: amsgen.sty 1999/11/30 v2.0 generic functions
\@emptytoks=\toks17
\ex@=\dimen140
))
(/research/rgs01/applications/hpcf/authorized_apps/rhel8_apps/texlive/install/2
024/texmf-dist/tex/latex/amsmath/amsbsy.sty
Package: amsbsy 1999/11/29 v1.2d Bold Symbols
\pmbraise@=\dimen141
)
(/research/rgs01/applications/hpcf/authorized_apps/rhel8_apps/texlive/install/2
024/texmf-dist/tex/latex/amsmath/amsopn.sty
Package: amsopn 2022/04/08 v2.04 operator names
)
\inf@bad=\count194
LaTeX Info: Redefining \frac on input line 236.
\uproot@=\count195
\leftroot@=\count196
LaTeX Info: Redefining \overline on input line 399.
LaTeX Info: Redefining \colon on input line 410.
\classnum@=\count197
\DOTSCASE@=\count198
LaTeX Info: Redefining \ldots on input line 496.
LaTeX Info: Redefining \dots on input line 499.
LaTeX Info: Redefining \cdots on input line 620.
\Mathstrutbox@=\box51
\strutbox@=\box52
LaTeX Info: Redefining \big on input line 722.
LaTeX Info: Redefining \Big on input line 723.
LaTeX Info: Redefining \bigg on input line 724.
LaTeX Info: Redefining \Bigg on input line 725.
\big@size=\dimen142
LaTeX Font Info:    Redeclaring font encoding OML on input line 743.
LaTeX Font Info:    Redeclaring font encoding OMS on input line 744.
\macc@depth=\count199
LaTeX Info: Redefining \bmod on input line 905.
LaTeX Info: Redefining \pmod on input line 910.
LaTeX Info: Redefining \smash on input line 940.
LaTeX Info: Redefining \relbar on input line 970.
LaTeX Info: Redefining \Relbar on input line 971.
\c@MaxMatrixCols=\count266
\dotsspace@=\muskip16
\c@parentequation=\count267
\dspbrk@lvl=\count268
\tag@help=\toks18
\row@=\count269
\column@=\count270
\maxfields@=\count271
\andhelp@=\toks19
\eqnshift@=\dimen143
\alignsep@=\dimen144
\tagshift@=\dimen145
\tagwidth@=\dimen146
\totwidth@=\dimen147
\lineht@=\dimen148
\@envbody=\toks20
\multlinegap=\skip51
\multlinetaggap=\skip52
\mathdisplay@stack=\toks21
LaTeX Info: Redefining \[ on input line 2953.
LaTeX Info: Redefining \] on input line 2954.
)
(/research/rgs01/applications/hpcf/authorized_apps/rhel8_apps/texlive/install/2
024/texmf-dist/tex/latex/amsfonts/amssymb.sty
Package: amssymb 2013/01/14 v3.01 AMS font symbols

(/research/rgs01/applications/hpcf/authorized_apps/rhel8_apps/texlive/install/2
024/texmf-dist/tex/latex/amsfonts/amsfonts.sty
Package: amsfonts 2013/01/14 v3.01 Basic AMSFonts support
\symAMSa=\mathgroup4
\symAMSb=\mathgroup5
LaTeX Font Info:    Redeclaring math symbol \hbar on input line 98.
LaTeX Font Info:    Overwriting math alphabet `\mathfrak' in version `bold'
(Font)                  U/euf/m/n --> U/euf/b/n on input line 106.
))
(/research/rgs01/applications/hpcf/authorized_apps/rhel8_apps/texlive/install/2
024/texmf-dist/tex/generic/iftex/iftex.sty
Package: iftex 2022/02/03 v1.0f TeX engine tests
)
(/research/rgs01/applications/hpcf/authorized_apps/rhel8_apps/texlive/install/2
024/texmf-dist/tex/latex/unicode-math/unicode-math.sty
(/research/rgs01/applications/hpcf/authorized_apps/rhel8_apps/texlive/install/2
024/texmf-dist/tex/latex/l3kernel/expl3.sty
Package: expl3 2024-03-14 L3 programming layer (loader) 

(/research/rgs01/applications/hpcf/authorized_apps/rhel8_apps/texlive/install/2
024/texmf-dist/tex/latex/l3backend/l3backend-luatex.def
File: l3backend-luatex.def 2024-03-14 L3 backend support: PDF output (LuaTeX)
\l__color_backend_stack_int=\count272
Inserting `l3color' in `luaotfload.parse_color'.
\l__pdf_internal_box=\box53
))
Package: unicode-math 2023/08/13 v0.8r Unicode maths in XeLaTeX and LuaLaTeX

(/research/rgs01/applications/hpcf/authorized_apps/rhel8_apps/texlive/install/2
024/texmf-dist/tex/latex/unicode-math/unicode-math-luatex.sty
Package: unicode-math-luatex 2023/08/13 v0.8r Unicode maths in XeLaTeX and LuaL
aTeX

(/research/rgs01/applications/hpcf/authorized_apps/rhel8_apps/texlive/install/2
024/texmf-dist/tex/latex/l3packages/xparse/xparse.sty
Package: xparse 2024-03-14 L3 Experimental document command parser
)
(/research/rgs01/applications/hpcf/authorized_apps/rhel8_apps/texlive/install/2
024/texmf-dist/tex/latex/l3packages/l3keys2e/l3keys2e.sty
Package: l3keys2e 2024-03-14 LaTeX2e option processing using LaTeX3 keys
)
(/research/rgs01/applications/hpcf/authorized_apps/rhel8_apps/texlive/install/2
024/texmf-dist/tex/latex/fontspec/fontspec.sty
Package: fontspec 2024/02/13 v2.9a Font selection for XeLaTeX and LuaLaTeX
Lua module: fontspec 2024/02/13 2.9a Font selection for XeLaTeX and LuaLaTeX
(/research/rgs01/applications/hpcf/authorized_apps/rhel8_apps/texlive/install/2
024/texmf-dist/tex/latex/fontspec/fontspec-luatex.sty
Package: fontspec-luatex 2024/02/13 v2.9a Font selection for XeLaTeX and LuaLaT
eX
\l__fontspec_script_int=\count273
\l__fontspec_language_int=\count274
\l__fontspec_strnum_int=\count275
\l__fontspec_tmp_int=\count276
\l__fontspec_tmpa_int=\count277
\l__fontspec_tmpb_int=\count278
\l__fontspec_tmpc_int=\count279
\l__fontspec_em_int=\count280
\l__fontspec_emdef_int=\count281
\l__fontspec_strong_int=\count282
\l__fontspec_strongdef_int=\count283
\l__fontspec_tmpa_dim=\dimen149
\l__fontspec_tmpb_dim=\dimen150
\l__fontspec_tmpc_dim=\dimen151

(/research/rgs01/applications/hpcf/authorized_apps/rhel8_apps/texlive/install/2
024/texmf-dist/tex/latex/base/fontenc.sty
Package: fontenc 2021/04/29 v2.0v Standard LaTeX package
)
(/research/rgs01/applications/hpcf/authorized_apps/rhel8_apps/texlive/install/2
024/texmf-dist/tex/latex/fontspec/fontspec.cfg)))
(/research/rgs01/applications/hpcf/authorized_apps/rhel8_apps/texlive/install/2
024/texmf-dist/tex/latex/base/fix-cm.sty
Package: fix-cm 2020/11/24 v1.1t fixes to LaTeX

(/research/rgs01/applications/hpcf/authorized_apps/rhel8_apps/texlive/install/2
024/texmf-dist/tex/latex/base/ts1enc.def
File: ts1enc.def 2001/06/05 v3.0e (jk/car/fm) Standard LaTeX file
LaTeX Font Info:    Redeclaring font encoding TS1 on input line 47.
))
(/research/rgs01/applications/hpcf/authorized_apps/rhel8_apps/texlive/install/2
024/texmf-dist/tex/lualatex/lualatex-math/lualatex-math.sty
Package: lualatex-math 2022/01/01 v1.12 Patches for mathematics typesetting wit
h LuaLaTeX

(/research/rgs01/applications/hpcf/authorized_apps/rhel8_apps/texlive/install/2
024/texmf-dist/tex/latex/etoolbox/etoolbox.sty
Package: etoolbox 2020/10/05 v2.5k e-TeX tools for LaTeX (JAW)
\etb@tempcnta=\count284
)
Lua module: lualatex-math 2013/08/03 1.3 Patches for mathematics typesetting wit
h LuaLaTeX)
\g__um_fam_int=\count285
\g__um_fonts_used_int=\count286
\l__um_primecount_int=\count287
\g__um_primekern_muskip=\muskip17

(/research/rgs01/applications/hpcf/authorized_apps/rhel8_apps/texlive/install/2
024/texmf-dist/tex/latex/unicode-math/unicode-math-table.tex)))
(/research/rgs01/applications/hpcf/authorized_apps/rhel8_apps/texlive/install/2
024/texmf-dist/tex/latex/lm/lmodern.sty
Package: lmodern 2015/05/01 v1.6.1 Latin Modern Fonts
LaTeX Font Info:    Overwriting symbol font `operators' in version `normal'
(Font)                  OT1/cmr/m/n --> OT1/lmr/m/n on input line 22.
LaTeX Font Info:    Overwriting symbol font `letters' in version `normal'
(Font)                  OML/cmm/m/it --> OML/lmm/m/it on input line 23.
LaTeX Font Info:    Overwriting symbol font `symbols' in version `normal'
(Font)                  OMS/cmsy/m/n --> OMS/lmsy/m/n on input line 24.
LaTeX Font Info:    Overwriting symbol font `largesymbols' in version `normal'
(Font)                  OMX/cmex/m/n --> OMX/lmex/m/n on input line 25.
LaTeX Font Info:    Overwriting symbol font `operators' in version `bold'
(Font)                  OT1/cmr/bx/n --> OT1/lmr/bx/n on input line 26.
LaTeX Font Info:    Overwriting symbol font `letters' in version `bold'
(Font)                  OML/cmm/b/it --> OML/lmm/b/it on input line 27.
LaTeX Font Info:    Overwriting symbol font `symbols' in version `bold'
(Font)                  OMS/cmsy/b/n --> OMS/lmsy/b/n on input line 28.
LaTeX Font Info:    Overwriting symbol font `largesymbols' in version `bold'
(Font)                  OMX/cmex/m/n --> OMX/lmex/m/n on input line 29.
LaTeX Font Info:    Overwriting math alphabet `\mathbf' in version `normal'
(Font)                  OT1/cmr/bx/n --> OT1/lmr/bx/n on input line 31.
LaTeX Font Info:    Overwriting math alphabet `\mathsf' in version `normal'
(Font)                  OT1/cmss/m/n --> OT1/lmss/m/n on input line 32.
LaTeX Font Info:    Overwriting math alphabet `\mathit' in version `normal'
(Font)                  OT1/cmr/m/it --> OT1/lmr/m/it on input line 33.
LaTeX Font Info:    Overwriting math alphabet `\mathtt' in version `normal'
(Font)                  OT1/cmtt/m/n --> OT1/lmtt/m/n on input line 34.
LaTeX Font Info:    Overwriting math alphabet `\mathbf' in version `bold'
(Font)                  OT1/cmr/bx/n --> OT1/lmr/bx/n on input line 35.
LaTeX Font Info:    Overwriting math alphabet `\mathsf' in version `bold'
(Font)                  OT1/cmss/bx/n --> OT1/lmss/bx/n on input line 36.
LaTeX Font Info:    Overwriting math alphabet `\mathit' in version `bold'
(Font)                  OT1/cmr/bx/it --> OT1/lmr/bx/it on input line 37.
LaTeX Font Info:    Overwriting math alphabet `\mathtt' in version `bold'
(Font)                  OT1/cmtt/m/n --> OT1/lmtt/m/n on input line 38.
)
(/research/rgs01/applications/hpcf/authorized_apps/rhel8_apps/texlive/install/2
024/texmf-dist/tex/latex/upquote/upquote.sty
Package: upquote 2012/04/19 v1.3 upright-quote and grave-accent glyphs in verba
tim

(/research/rgs01/applications/hpcf/authorized_apps/rhel8_apps/texlive/install/2
024/texmf-dist/tex/latex/base/textcomp.sty
Package: textcomp 2020/02/02 v2.0n Standard LaTeX package
))
(/research/rgs01/applications/hpcf/authorized_apps/rhel8_apps/texlive/install/2
024/texmf-dist/tex/latex/microtype/microtype.sty
Package: microtype 2023/03/13 v3.1a Micro-typographical refinements (RS)

(/research/rgs01/applications/hpcf/authorized_apps/rhel8_apps/texlive/install/2
024/texmf-dist/tex/latex/graphics/keyval.sty
Package: keyval 2022/05/29 v1.15 key=value parser (DPC)
\KV@toks@=\toks22
)
\MT@toks=\toks23
\MT@tempbox=\box54
\MT@count=\count288
LaTeX Info: Redefining \noprotrusionifhmode on input line 1059.
LaTeX Info: Redefining \leftprotrusion on input line 1060.
\MT@prot@toks=\toks24
LaTeX Info: Redefining \rightprotrusion on input line 1078.
LaTeX Info: Redefining \textls on input line 1368.
\MT@outer@kern=\dimen152
LaTeX Info: Redefining \textmicrotypecontext on input line 1988.
\MT@listname@count=\count289

(/research/rgs01/applications/hpcf/authorized_apps/rhel8_apps/texlive/install/2
024/texmf-dist/tex/latex/microtype/microtype-luatex.def
File: microtype-luatex.def 2023/03/13 v3.1a Definitions specific to luatex (RS)

Lua module: microtype 2023/03/13 3.1a microtype module.
Module microtype Info: overwriting function `keepligature' on input line 63
LaTeX Info: Redefining \lsstyle on input line 688.
LaTeX Info: Redefining \lslig on input line 688.
\MT@outer@space=\skip53
)
Package microtype Info: Loading configuration file microtype.cfg.

(/research/rgs01/applications/hpcf/authorized_apps/rhel8_apps/texlive/install/2
024/texmf-dist/tex/latex/microtype/microtype.cfg
File: microtype.cfg 2023/03/13 v3.1a microtype main configuration file (RS)
))
(/research/rgs01/applications/hpcf/authorized_apps/rhel8_apps/texlive/install/2
024/texmf-dist/tex/latex/parskip/parskip.sty
Package: parskip 2021-03-14 v2.0h non-zero parskip adjustments

(/research/rgs01/applications/hpcf/authorized_apps/rhel8_apps/texlive/install/2
024/texmf-dist/tex/latex/kvoptions/kvoptions.sty
Package: kvoptions 2022-06-15 v3.15 Key value format for package options (HO)

(/research/rgs01/applications/hpcf/authorized_apps/rhel8_apps/texlive/install/2
024/texmf-dist/tex/generic/ltxcmds/ltxcmds.sty
Package: ltxcmds 2023-12-04 v1.26 LaTeX kernel commands for general use (HO)
)
(/research/rgs01/applications/hpcf/authorized_apps/rhel8_apps/texlive/install/2
024/texmf-dist/tex/latex/kvsetkeys/kvsetkeys.sty
Package: kvsetkeys 2022-10-05 v1.19 Key value parser (HO)
)))
(/research/rgs01/applications/hpcf/authorized_apps/rhel8_apps/texlive/install/2
024/texmf-dist/tex/latex/xcolor/xcolor.sty
Package: xcolor 2023/11/15 v3.01 LaTeX color extensions (UK)

(/research/rgs01/applications/hpcf/authorized_apps/rhel8_apps/texlive/install/2
024/texmf-dist/tex/latex/graphics-cfg/color.cfg
File: color.cfg 2016/01/02 v1.6 sample color configuration
)
Package xcolor Info: Driver file: luatex.def on input line 274.

(/research/rgs01/applications/hpcf/authorized_apps/rhel8_apps/texlive/install/2
024/texmf-dist/tex/latex/graphics-def/luatex.def
File: luatex.def 2022/09/22 v1.2d Graphics/color driver for luatex
)
(/research/rgs01/applications/hpcf/authorized_apps/rhel8_apps/texlive/install/2
024/texmf-dist/tex/latex/graphics/mathcolor.ltx)
Package xcolor Info: Model `cmy' substituted by `cmy0' on input line 1350.
Package xcolor Info: Model `hsb' substituted by `rgb' on input line 1354.
Package xcolor Info: Model `RGB' extended on input line 1366.
Package xcolor Info: Model `HTML' substituted by `rgb' on input line 1368.
Package xcolor Info: Model `Hsb' substituted by `hsb' on input line 1369.
Package xcolor Info: Model `tHsb' substituted by `hsb' on input line 1370.
Package xcolor Info: Model `HSB' substituted by `hsb' on input line 1371.
Package xcolor Info: Model `Gray' substituted by `gray' on input line 1372.
Package xcolor Info: Model `wave' substituted by `hsb' on input line 1373.
)
(/research/rgs01/applications/hpcf/authorized_apps/rhel8_apps/texlive/install/2
024/texmf-dist/tex/latex/graphics/dvipsnam.def
File: dvipsnam.def 2016/06/17 v3.0m Driver-dependent file (DPC,SPQR)
)
(/research/rgs01/applications/hpcf/authorized_apps/rhel8_apps/texlive/install/2
024/texmf-dist/tex/latex/xcolor/svgnam.def
File: svgnam.def 2023/11/15 v3.01 Predefined colors according to SVG 1.1 (UK)
)
(/research/rgs01/applications/hpcf/authorized_apps/rhel8_apps/texlive/install/2
024/texmf-dist/tex/latex/xcolor/x11nam.def
File: x11nam.def 2023/11/15 v3.01 Predefined colors according to Unix/X11 (UK)
)
(/research/rgs01/applications/hpcf/authorized_apps/rhel8_apps/texlive/install/2
024/texmf-dist/tex/latex/geometry/geometry.sty
Package: geometry 2020/01/02 v5.9 Page Geometry

(/research/rgs01/applications/hpcf/authorized_apps/rhel8_apps/texlive/install/2
024/texmf-dist/tex/generic/iftex/ifvtex.sty
Package: ifvtex 2019/10/25 v1.7 ifvtex legacy package. Use iftex instead.
)
\Gm@cnth=\count290
\Gm@cntv=\count291
\c@Gm@tempcnt=\count292
\Gm@bindingoffset=\dimen153
\Gm@wd@mp=\dimen154
\Gm@odd@mp=\dimen155
\Gm@even@mp=\dimen156
\Gm@layoutwidth=\dimen157
\Gm@layoutheight=\dimen158
\Gm@layouthoffset=\dimen159
\Gm@layoutvoffset=\dimen160
\Gm@dimlist=\toks25
)
(/research/rgs01/applications/hpcf/authorized_apps/rhel8_apps/texlive/install/2
024/texmf-dist/tex/latex/fancyvrb/fancyvrb.sty
Package: fancyvrb 2024/01/20 4.5c verbatim text (tvz,hv)
\FV@CodeLineNo=\count293
\FV@InFile=\read2
\FV@TabBox=\box55
\c@FancyVerbLine=\count294
\FV@StepNumber=\count295
\FV@OutFile=\write3
)
(/research/rgs01/applications/hpcf/authorized_apps/rhel8_apps/texlive/install/2
024/texmf-dist/tex/latex/framed/framed.sty
Package: framed 2011/10/22 v 0.96: framed or shaded text with page breaks
\OuterFrameSep=\skip54
\fb@frw=\dimen161
\fb@frh=\dimen162
\FrameRule=\dimen163
\FrameSep=\dimen164
)
(/research/rgs01/applications/hpcf/authorized_apps/rhel8_apps/texlive/install/2
024/texmf-dist/tex/latex/tools/longtable.sty
Package: longtable 2023-11-01 v4.19 Multi-page Table package (DPC)
\LTleft=\skip55
\LTright=\skip56
\LTpre=\skip57
\LTpost=\skip58
\LTchunksize=\count296
\LTcapwidth=\dimen165
\LT@head=\box56
\LT@firsthead=\box57
\LT@foot=\box58
\LT@lastfoot=\box59
\LT@gbox=\box60
\LT@cols=\count297
\LT@rows=\count298
\c@LT@tables=\count299
\c@LT@chunks=\count300
\LT@p@ftn=\toks26
)
(/research/rgs01/applications/hpcf/authorized_apps/rhel8_apps/texlive/install/2
024/texmf-dist/tex/latex/booktabs/booktabs.sty
Package: booktabs 2020/01/12 v1.61803398 Publication quality tables
\heavyrulewidth=\dimen166
\lightrulewidth=\dimen167
\cmidrulewidth=\dimen168
\belowrulesep=\dimen169
\belowbottomsep=\dimen170
\aboverulesep=\dimen171
\abovetopsep=\dimen172
\cmidrulesep=\dimen173
\cmidrulekern=\dimen174
\defaultaddspace=\dimen175
\@cmidla=\count301
\@cmidlb=\count302
\@aboverulesep=\dimen176
\@belowrulesep=\dimen177
\@thisruleclass=\count303
\@lastruleclass=\count304
\@thisrulewidth=\dimen178
)
(/research/rgs01/applications/hpcf/authorized_apps/rhel8_apps/texlive/install/2
024/texmf-dist/tex/latex/tools/array.sty
Package: array 2023/10/16 v2.5g Tabular extension package (FMi)
\col@sep=\dimen179
\ar@mcellbox=\box61
\extrarowheight=\dimen180
\NC@list=\toks27
\extratabsurround=\skip59
\backup@length=\skip60
\ar@cellbox=\box62
)
(/research/rgs01/applications/hpcf/authorized_apps/rhel8_apps/texlive/install/2
024/texmf-dist/tex/latex/tools/calc.sty
Package: calc 2023/07/08 v4.3 Infix arithmetic (KKT,FJ)
\calc@Acount=\count305
\calc@Bcount=\count306
\calc@Adimen=\dimen181
\calc@Bdimen=\dimen182
\calc@Askip=\skip61
\calc@Bskip=\skip62
LaTeX Info: Redefining \setlength on input line 80.
LaTeX Info: Redefining \addtolength on input line 81.
\calc@Ccount=\count307
\calc@Cskip=\skip63
)
(/research/rgs01/applications/hpcf/authorized_apps/rhel8_apps/texlive/install/2
024/texmf-dist/tex/latex/footnotehyper/footnotehyper.sty
Package: footnotehyper 2021/08/13 v1.1e hyperref aware footnote.sty (JFB)
\FNH@notes=\box63
\FNH@width=\dimen183
\FNH@toks=\toks28
)
(/research/rgs01/applications/hpcf/authorized_apps/rhel8_apps/texlive/install/2
024/texmf-dist/tex/latex/graphics/graphicx.sty
Package: graphicx 2021/09/16 v1.2d Enhanced LaTeX Graphics (DPC,SPQR)

(/research/rgs01/applications/hpcf/authorized_apps/rhel8_apps/texlive/install/2
024/texmf-dist/tex/latex/graphics/graphics.sty
Package: graphics 2022/03/10 v1.4e Standard LaTeX Graphics (DPC,SPQR)

(/research/rgs01/applications/hpcf/authorized_apps/rhel8_apps/texlive/install/2
024/texmf-dist/tex/latex/graphics/trig.sty
Package: trig 2021/08/11 v1.11 sin cos tan (DPC)
)
(/research/rgs01/applications/hpcf/authorized_apps/rhel8_apps/texlive/install/2
024/texmf-dist/tex/latex/graphics-cfg/graphics.cfg
File: graphics.cfg 2016/06/04 v1.11 sample graphics configuration
)
Package graphics Info: Driver file: luatex.def on input line 107.
)
\Gin@req@height=\dimen184
\Gin@req@width=\dimen185
)
(/research/rgs01/applications/hpcf/authorized_apps/rhel8_apps/texlive/install/2
024/texmf-dist/tex/latex/titling/titling.sty
Package: titling 2009/09/04 v2.1d maketitle typesetting
\thanksmarkwidth=\skip64
\thanksmargin=\skip65
\droptitle=\skip66
)
(/research/rgs01/applications/hpcf/authorized_apps/rhel8_apps/texlive/install/2
024/texmf-dist/tex/latex/fancyhdr/fancyhdr.sty
Package: fancyhdr 2022/11/09 v4.1 Extensive control of page headers and footers

\f@nch@headwidth=\skip67
\f@nch@O@elh=\skip68
\f@nch@O@erh=\skip69
\f@nch@O@olh=\skip70
\f@nch@O@orh=\skip71
\f@nch@O@elf=\skip72
\f@nch@O@erf=\skip73
\f@nch@O@olf=\skip74
\f@nch@O@orf=\skip75
)
(/research/rgs01/applications/hpcf/authorized_apps/rhel8_apps/texlive/install/2
024/texmf-dist/tex/lualatex/selnolig/selnolig.sty
=== Package selnolig, Version 0.302, Date 2015/10/26 ===
Package: selnolig 2015/10/26

(/research/rgs01/applications/hpcf/authorized_apps/rhel8_apps/texlive/install/2
024/texmf-dist/tex/generic/iftex/ifluatex.sty
Package: ifluatex 2019/10/25 v1.5 ifluatex legacy package. Use iftex instead.
)
(/research/rgs01/applications/hpcf/authorized_apps/rhel8_apps/texlive/install/2
024/texmf-dist/tex/luatex/luatexbase/luatexbase.sty
Package: luatexbase 2015/10/04 v1.3 luatexbase interface to LuaTeX 

(/research/rgs01/applications/hpcf/authorized_apps/rhel8_apps/texlive/install/2
024/texmf-dist/tex/luatex/ctablestack/ctablestack.sty
Package: ctablestack 2015/10/01 v1.0 Catcode table stable support
\@catcodetablestackcnt=\count308
)
\CatcodeTableOther=\catcodetable14
\CatcodeTableExpl=\catcodetable15
)
Inserting `Suppress ligatures selectively' in `ligaturing'.)
(/research/rgs01/applications/hpcf/authorized_apps/rhel8_apps/texlive/install/2
024/texmf-dist/tex/latex/bookmark/bookmark.sty
Package: bookmark 2023-12-10 v1.31 PDF bookmarks (HO)

(/research/rgs01/applications/hpcf/authorized_apps/rhel8_apps/texlive/install/2
024/texmf-dist/tex/latex/hyperref/hyperref.sty
Package: hyperref 2024-01-20 v7.01h Hypertext links for LaTeX

(/research/rgs01/applications/hpcf/authorized_apps/rhel8_apps/texlive/install/2
024/texmf-dist/tex/generic/kvdefinekeys/kvdefinekeys.sty
Package: kvdefinekeys 2019-12-19 v1.6 Define keys (HO)
)
(/research/rgs01/applications/hpcf/authorized_apps/rhel8_apps/texlive/install/2
024/texmf-dist/tex/generic/pdfescape/pdfescape.sty
Package: pdfescape 2019/12/09 v1.15 Implements pdfTeX's escape features (HO)

(/research/rgs01/applications/hpcf/authorized_apps/rhel8_apps/texlive/install/2
024/texmf-dist/tex/generic/pdftexcmds/pdftexcmds.sty
Package: pdftexcmds 2020-06-27 v0.33 Utility functions of pdfTeX for LuaTeX (HO
)

(/research/rgs01/applications/hpcf/authorized_apps/rhel8_apps/texlive/install/2
024/texmf-dist/tex/generic/infwarerr/infwarerr.sty
Package: infwarerr 2019/12/03 v1.5 Providing info/warning/error messages (HO)
)
Package pdftexcmds Info: \pdf@primitive is available.
Package pdftexcmds Info: \pdf@ifprimitive is available.
Package pdftexcmds Info: \pdfdraftmode found.
\pdftexcmds@toks=\toks29
))
(/research/rgs01/applications/hpcf/authorized_apps/rhel8_apps/texlive/install/2
024/texmf-dist/tex/latex/hycolor/hycolor.sty
Package: hycolor 2020-01-27 v1.10 Color options for hyperref/bookmark (HO)
)
(/research/rgs01/applications/hpcf/authorized_apps/rhel8_apps/texlive/install/2
024/texmf-dist/tex/latex/auxhook/auxhook.sty
Package: auxhook 2019-12-17 v1.6 Hooks for auxiliary files (HO)
)
(/research/rgs01/applications/hpcf/authorized_apps/rhel8_apps/texlive/install/2
024/texmf-dist/tex/latex/hyperref/nameref.sty
Package: nameref 2023-11-26 v2.56 Cross-referencing by name of section

(/research/rgs01/applications/hpcf/authorized_apps/rhel8_apps/texlive/install/2
024/texmf-dist/tex/latex/refcount/refcount.sty
Package: refcount 2019/12/15 v3.6 Data extraction from label references (HO)
)
(/research/rgs01/applications/hpcf/authorized_apps/rhel8_apps/texlive/install/2
024/texmf-dist/tex/generic/gettitlestring/gettitlestring.sty
Package: gettitlestring 2019/12/15 v1.6 Cleanup title references (HO)
)
\c@section@level=\count309
)
\@linkdim=\dimen186
\Hy@linkcounter=\count310
\Hy@pagecounter=\count311

(/research/rgs01/applications/hpcf/authorized_apps/rhel8_apps/texlive/install/2
024/texmf-dist/tex/latex/hyperref/pd1enc.def
File: pd1enc.def 2024-01-20 v7.01h Hyperref: PDFDocEncoding definition (HO)
)
(/research/rgs01/applications/hpcf/authorized_apps/rhel8_apps/texlive/install/2
024/texmf-dist/tex/generic/intcalc/intcalc.sty
Package: intcalc 2019/12/15 v1.3 Expandable calculations with integers (HO)
)
\Hy@SavedSpaceFactor=\count312

(/research/rgs01/applications/hpcf/authorized_apps/rhel8_apps/texlive/install/2
024/texmf-dist/tex/latex/hyperref/puenc.def
File: puenc.def 2024-01-20 v7.01h Hyperref: PDF Unicode definition (HO)
)
Package hyperref Info: Option `unicode' set `true' on input line 4062.
Package hyperref Info: Hyper figures OFF on input line 4179.
Package hyperref Info: Link nesting OFF on input line 4184.
Package hyperref Info: Hyper index ON on input line 4187.
Package hyperref Info: Plain pages OFF on input line 4194.
Package hyperref Info: Backreferencing OFF on input line 4199.
Package hyperref Info: Implicit mode ON; LaTeX internals redefined.
Package hyperref Info: Bookmarks ON on input line 4446.
\c@Hy@tempcnt=\count313

(/research/rgs01/applications/hpcf/authorized_apps/rhel8_apps/texlive/install/2
024/texmf-dist/tex/latex/url/url.sty
\Urlmuskip=\muskip18
Package: url 2013/09/16  ver 3.4  Verb mode for urls, etc.
)
LaTeX Info: Redefining \url on input line 4784.
\XeTeXLinkMargin=\dimen187

(/research/rgs01/applications/hpcf/authorized_apps/rhel8_apps/texlive/install/2
024/texmf-dist/tex/generic/bitset/bitset.sty
Package: bitset 2019/12/09 v1.3 Handle bit-vector datatype (HO)

(/research/rgs01/applications/hpcf/authorized_apps/rhel8_apps/texlive/install/2
024/texmf-dist/tex/generic/bigintcalc/bigintcalc.sty
Package: bigintcalc 2019/12/15 v1.5 Expandable calculations on big integers (HO
)
))
\Fld@menulength=\count314
\Field@Width=\dimen188
\Fld@charsize=\dimen189
Package hyperref Info: Hyper figures OFF on input line 6063.
Package hyperref Info: Link nesting OFF on input line 6068.
Package hyperref Info: Hyper index ON on input line 6071.
Package hyperref Info: backreferencing OFF on input line 6078.
Package hyperref Info: Link coloring OFF on input line 6083.
Package hyperref Info: Link coloring with OCG OFF on input line 6088.
Package hyperref Info: PDF/A mode OFF on input line 6093.

(/research/rgs01/applications/hpcf/authorized_apps/rhel8_apps/texlive/install/2
024/texmf-dist/tex/latex/base/atbegshi-ltx.sty
Package: atbegshi-ltx 2021/01/10 v1.0c Emulation of the original atbegshi
package with kernel methods
)
\Hy@abspage=\count315
\c@Item=\count316
\c@Hfootnote=\count317
)
Package hyperref Info: Driver (autodetected): hluatex.

(/research/rgs01/applications/hpcf/authorized_apps/rhel8_apps/texlive/install/2
024/texmf-dist/tex/latex/hyperref/hluatex.def
File: hluatex.def 2024-01-20 v7.01h Hyperref driver for luaTeX

(/research/rgs01/applications/hpcf/authorized_apps/rhel8_apps/texlive/install/2
024/texmf-dist/tex/generic/stringenc/stringenc.sty
Package: stringenc 2019/11/29 v1.12 Convert strings between diff. encodings (HO
)
)
(/research/rgs01/applications/hpcf/authorized_apps/rhel8_apps/texlive/install/2
024/texmf-dist/tex/latex/base/atveryend-ltx.sty
Package: atveryend-ltx 2020/08/19 v1.0a Emulation of the original atveryend pac
kage
with kernel methods
)
\Fld@listcount=\count318
\c@bookmark@seq@number=\count319

(/research/rgs01/applications/hpcf/authorized_apps/rhel8_apps/texlive/install/2
024/texmf-dist/tex/latex/rerunfilecheck/rerunfilecheck.sty
Package: rerunfilecheck 2022-07-10 v1.10 Rerun checks for auxiliary files (HO)

(/research/rgs01/applications/hpcf/authorized_apps/rhel8_apps/texlive/install/2
024/texmf-dist/tex/generic/uniquecounter/uniquecounter.sty
Package: uniquecounter 2019/12/15 v1.4 Provide unlimited unique counter (HO)
)
Package uniquecounter Info: New unique counter `rerunfilecheck' on input line 2
85.
)
\Hy@SectionHShift=\skip76
)
(/research/rgs01/applications/hpcf/authorized_apps/rhel8_apps/texlive/install/2
024/texmf-dist/tex/latex/bookmark/bkm-pdftex.def
File: bkm-pdftex.def 2023-12-10 v1.31 bookmark driver for pdfTeX and luaTeX (HO
)
\BKM@id=\count320
))
(/research/rgs01/applications/hpcf/authorized_apps/rhel8_apps/texlive/install/2
024/texmf-dist/tex/latex/xurl/xurl.sty
Package: xurl 2022/01/09 v 0.10 modify URL breaks
)
Package hyperref Info: Option `colorlinks' set `true' on input line 124.
(./Report-data-exploratory-analysis-2024-09-11.aux)
\openout1 = Report-data-exploratory-analysis-2024-09-11.aux

LaTeX Font Info:    Checking defaults for OML/cmm/m/it on input line 132.
LaTeX Font Info:    ... okay on input line 132.
LaTeX Font Info:    Checking defaults for OMS/cmsy/m/n on input line 132.
LaTeX Font Info:    ... okay on input line 132.
LaTeX Font Info:    Checking defaults for OT1/cmr/m/n on input line 132.
LaTeX Font Info:    ... okay on input line 132.
LaTeX Font Info:    Checking defaults for T1/cmr/m/n on input line 132.
LaTeX Font Info:    ... okay on input line 132.
LaTeX Font Info:    Checking defaults for TS1/cmr/m/n on input line 132.
LaTeX Font Info:    ... okay on input line 132.
LaTeX Font Info:    Checking defaults for TU/lmr/m/n on input line 132.
LaTeX Font Info:    ... okay on input line 132.
LaTeX Font Info:    Checking defaults for OMX/cmex/m/n on input line 132.
LaTeX Font Info:    ... okay on input line 132.
LaTeX Font Info:    Checking defaults for U/cmr/m/n on input line 132.
LaTeX Font Info:    ... okay on input line 132.
LaTeX Font Info:    Checking defaults for PD1/pdf/m/n on input line 132.
LaTeX Font Info:    ... okay on input line 132.
LaTeX Font Info:    Checking defaults for PU/pdf/m/n on input line 132.
LaTeX Font Info:    ... okay on input line 132.
LaTeX Font Info:    Overwriting math alphabet `\mathrm' in version `normal'
(Font)                  OT1/lmr/m/n --> TU/lmr/m/n on input line 132.
LaTeX Font Info:    Overwriting math alphabet `\mathit' in version `normal'
(Font)                  OT1/lmr/m/it --> TU/lmr/m/it on input line 132.
LaTeX Font Info:    Overwriting math alphabet `\mathbf' in version `normal'
(Font)                  OT1/lmr/bx/n --> TU/lmr/bx/n on input line 132.
LaTeX Font Info:    Overwriting math alphabet `\mathsf' in version `normal'
(Font)                  OT1/lmss/m/n --> TU/lmss/m/n on input line 132.
LaTeX Font Info:    Overwriting math alphabet `\mathsf' in version `bold'
(Font)                  OT1/lmss/bx/n --> TU/lmss/bx/n on input line 132.
LaTeX Font Info:    Overwriting math alphabet `\mathtt' in version `normal'
(Font)                  OT1/lmtt/m/n --> TU/lmtt/m/n on input line 132.
LaTeX Font Info:    Overwriting math alphabet `\mathtt' in version `bold'
(Font)                  OT1/lmtt/m/n --> TU/lmtt/bx/n on input line 132.

Package fontspec Info: latinmodern-math scale = 0.9999964596882403.


Package fontspec Info: latinmodern-math scale = 0.9999964596882403.


Package fontspec Info: latinmodern-math scale = 0.9999964596882403.


Package fontspec Info: Font family 'latinmodern-math.otf(0)' created for font
(fontspec)             'latinmodern-math.otf' with options
(fontspec)             [Scale=MatchLowercase,Renderer=Basic,BoldItalicFont={},I
talicFont={},SmallCapsFont={},Script=Math,RawFeature={mathfontdimen=xetex},Bold
Font={latinmodern-math.otf}].
(fontspec)              
(fontspec)              This font family consists of the following NFSS
(fontspec)             series/shapes:
(fontspec)              
(fontspec)             - 'normal' (m/n) with NFSS spec.:
(fontspec)             <->s*[0.9999964596882403]"[latinmodern-math.otf]:mode=ba
se;script=math;language=dflt;mathfontdimen=xetex;"
(fontspec)             - 'small caps'  (m/sc) with NFSS spec.: 
(fontspec)             - 'bold' (b/n) with NFSS spec.:
(fontspec)             <->s*[0.9999964596882403]"[latinmodern-math.otf]:mode=ba
se;script=math;language=dflt;mathfontdimen=xetex;"
(fontspec)             - 'bold small caps'  (b/sc) with NFSS spec.: 

LaTeX Font Info:    Font shape `TU/latinmodern-math.otf(0)/m/n' will be
(Font)              scaled to size 10.0pt on input line 132.

Package fontspec Info: latinmodern-math scale = 0.9999964596882403.


Package fontspec Info: latinmodern-math scale = 0.9999964596882403.


Package fontspec Info: latinmodern-math scale = 0.9999964596882403.


Package fontspec Info: latinmodern-math scale = 0.9999964596882403.


Package fontspec Info: latinmodern-math scale = 0.9999964596882403.


Package fontspec Info: Font family 'latinmodern-math.otf(1)' created for font
(fontspec)             'latinmodern-math.otf' with options
(fontspec)             [Scale=MatchLowercase,Renderer=Basic,BoldItalicFont={},I
talicFont={},SmallCapsFont={},Script=Math,SizeFeatures={{Size=8.5-},{Size=6-8.5
,Font=latinmodern-math.otf,Style=MathScript},{Size=-6,Font=latinmodern-math.otf
,Style=MathScriptScript}},RawFeature={mathfontdimen=xetex},BoldFont={latinmoder
n-math.otf}].
(fontspec)              
(fontspec)              This font family consists of the following NFSS
(fontspec)             series/shapes:
(fontspec)              
(fontspec)             - 'normal' (m/n) with NFSS spec.:
(fontspec)             <8.5->s*[0.9999964596882403]"[latinmodern-math.otf]:mode
=base;script=math;language=dflt;mathfontdimen=xetex;"<6-8.5>s*[0.99999645968824
03]"[latinmodern-math.otf]:mode=base;script=math;language=dflt;mathfontdimen=xe
tex;+ssty=0;"<-6>s*[0.9999964596882403]"[latinmodern-math.otf]:mode=base;script
=math;language=dflt;mathfontdimen=xetex;+ssty=1;"
(fontspec)             - 'small caps'  (m/sc) with NFSS spec.: 
(fontspec)             - 'bold' (b/n) with NFSS spec.:
(fontspec)             <->s*[0.9999964596882403]"[latinmodern-math.otf]:mode=ba
se;script=math;language=dflt;mathfontdimen=xetex;"
(fontspec)             - 'bold small caps'  (b/sc) with NFSS spec.: 

LaTeX Font Info:    Font shape `TU/latinmodern-math.otf(1)/m/n' will be
(Font)              scaled to size 10.0pt on input line 132.
LaTeX Font Info:    Encoding `OT1' has changed to `TU' for symbol font
(Font)              `operators' in the math version `normal' on input line 132.

LaTeX Font Info:    Overwriting symbol font `operators' in version `normal'
(Font)                  OT1/lmr/m/n --> TU/latinmodern-math.otf(1)/m/n on input
 line 132.
LaTeX Font Info:    Encoding `OT1' has changed to `TU' for symbol font
(Font)              `operators' in the math version `bold' on input line 132.
LaTeX Font Info:    Overwriting symbol font `operators' in version `bold'
(Font)                  OT1/lmr/bx/n --> TU/latinmodern-math.otf(1)/b/n on inpu
t line 132.

Package fontspec Info: latinmodern-math scale = 0.9999964596882403.


Package fontspec Info: latinmodern-math scale = 0.9999964596882403.


Package fontspec Info: latinmodern-math scale = 0.9999964596882403.


Package fontspec Info: latinmodern-math scale = 0.9999964596882403.


Package fontspec Info: latinmodern-math scale = 0.9999964596882403.


Package fontspec Info: Font family 'latinmodern-math.otf(2)' created for font
(fontspec)             'latinmodern-math.otf' with options
(fontspec)             [Scale=MatchLowercase,Renderer=Basic,BoldItalicFont={},I
talicFont={},SmallCapsFont={},Script=Math,SizeFeatures={{Size=8.5-},{Size=6-8.5
,Font=latinmodern-math.otf,Style=MathScript},{Size=-6,Font=latinmodern-math.otf
,Style=MathScriptScript}},RawFeature={mathfontdimen=xetex},BoldFont={latinmoder
n-math.otf},RawFeature={mathfontdimen=tex2}].
(fontspec)              
(fontspec)              This font family consists of the following NFSS
(fontspec)             series/shapes:
(fontspec)              
(fontspec)             - 'normal' (m/n) with NFSS spec.:
(fontspec)             <8.5->s*[0.9999964596882403]"[latinmodern-math.otf]:mode
=base;script=math;language=dflt;mathfontdimen=xetex;mathfontdimen=tex2;"<6-8.5>
s*[0.9999964596882403]"[latinmodern-math.otf]:mode=base;script=math;language=df
lt;mathfontdimen=xetex;mathfontdimen=tex2;+ssty=0;"<-6>s*[0.9999964596882403]"[
latinmodern-math.otf]:mode=base;script=math;language=dflt;mathfontdimen=xetex;m
athfontdimen=tex2;+ssty=1;"
(fontspec)             - 'small caps'  (m/sc) with NFSS spec.: 
(fontspec)             - 'bold' (b/n) with NFSS spec.:
(fontspec)             <->s*[0.9999964596882403]"[latinmodern-math.otf]:mode=ba
se;script=math;language=dflt;mathfontdimen=xetex;mathfontdimen=tex2;"
(fontspec)             - 'bold small caps'  (b/sc) with NFSS spec.: 

LaTeX Font Info:    Encoding `OMS' has changed to `TU' for symbol font
(Font)              `symbols' in the math version `normal' on input line 132.
LaTeX Font Info:    Overwriting symbol font `symbols' in version `normal'
(Font)                  OMS/lmsy/m/n --> TU/latinmodern-math.otf(2)/m/n on inpu
t line 132.
LaTeX Font Info:    Encoding `OMS' has changed to `TU' for symbol font
(Font)              `symbols' in the math version `bold' on input line 132.
LaTeX Font Info:    Overwriting symbol font `symbols' in version `bold'
(Font)                  OMS/lmsy/b/n --> TU/latinmodern-math.otf(2)/b/n on inpu
t line 132.

Package fontspec Info: latinmodern-math scale = 0.9999964596882403.


Package fontspec Info: latinmodern-math scale = 0.9999964596882403.


Package fontspec Info: latinmodern-math scale = 0.9999964596882403.


Package fontspec Info: latinmodern-math scale = 0.9999964596882403.


Package fontspec Info: latinmodern-math scale = 0.9999964596882403.


Package fontspec Info: Font family 'latinmodern-math.otf(3)' created for font
(fontspec)             'latinmodern-math.otf' with options
(fontspec)             [Scale=MatchLowercase,Renderer=Basic,BoldItalicFont={},I
talicFont={},SmallCapsFont={},Script=Math,SizeFeatures={{Size=8.5-},{Size=6-8.5
,Font=latinmodern-math.otf,Style=MathScript},{Size=-6,Font=latinmodern-math.otf
,Style=MathScriptScript}},RawFeature={mathfontdimen=xetex},BoldFont={latinmoder
n-math.otf},RawFeature={mathfontdimen=tex3}].
(fontspec)              
(fontspec)              This font family consists of the following NFSS
(fontspec)             series/shapes:
(fontspec)              
(fontspec)             - 'normal' (m/n) with NFSS spec.:
(fontspec)             <8.5->s*[0.9999964596882403]"[latinmodern-math.otf]:mode
=base;script=math;language=dflt;mathfontdimen=xetex;mathfontdimen=tex3;"<6-8.5>
s*[0.9999964596882403]"[latinmodern-math.otf]:mode=base;script=math;language=df
lt;mathfontdimen=xetex;mathfontdimen=tex3;+ssty=0;"<-6>s*[0.9999964596882403]"[
latinmodern-math.otf]:mode=base;script=math;language=dflt;mathfontdimen=xetex;m
athfontdimen=tex3;+ssty=1;"
(fontspec)             - 'small caps'  (m/sc) with NFSS spec.: 
(fontspec)             - 'bold' (b/n) with NFSS spec.:
(fontspec)             <->s*[0.9999964596882403]"[latinmodern-math.otf]:mode=ba
se;script=math;language=dflt;mathfontdimen=xetex;mathfontdimen=tex3;"
(fontspec)             - 'bold small caps'  (b/sc) with NFSS spec.: 

LaTeX Font Info:    Encoding `OMX' has changed to `TU' for symbol font
(Font)              `largesymbols' in the math version `normal' on input line 1
32.
LaTeX Font Info:    Overwriting symbol font `largesymbols' in version `normal'
(Font)                  OMX/lmex/m/n --> TU/latinmodern-math.otf(3)/m/n on inpu
t line 132.
LaTeX Font Info:    Encoding `OMX' has changed to `TU' for symbol font
(Font)              `largesymbols' in the math version `bold' on input line 132
.
LaTeX Font Info:    Overwriting symbol font `largesymbols' in version `bold'
(Font)                  OMX/lmex/m/n --> TU/latinmodern-math.otf(3)/b/n on inpu
t line 132.
LaTeX Font Info:    Font shape `TU/latinmodern-math.otf(1)/m/n' will be
(Font)              scaled to size 7.0pt on input line 132.
LaTeX Font Info:    Font shape `TU/latinmodern-math.otf(1)/m/n' will be
(Font)              scaled to size 5.0pt on input line 132.
LaTeX Font Info:    Trying to load font information for OML+lmm on input line 1
32.

(/research/rgs01/applications/hpcf/authorized_apps/rhel8_apps/texlive/install/2
024/texmf-dist/tex/latex/lm/omllmm.fd
File: omllmm.fd 2015/05/01 v1.6.1 Font defs for Latin Modern
)
LaTeX Font Info:    Font shape `TU/latinmodern-math.otf(2)/m/n' will be
(Font)              scaled to size 10.0pt on input line 132.
LaTeX Font Info:    Font shape `TU/latinmodern-math.otf(2)/m/n' will be
(Font)              scaled to size 7.0pt on input line 132.
LaTeX Font Info:    Font shape `TU/latinmodern-math.otf(2)/m/n' will be
(Font)              scaled to size 5.0pt on input line 132.
LaTeX Font Info:    Font shape `TU/latinmodern-math.otf(3)/m/n' will be
(Font)              scaled to size 10.0pt on input line 132.
LaTeX Font Info:    Font shape `TU/latinmodern-math.otf(3)/m/n' will be
(Font)              scaled to size 7.0pt on input line 132.
LaTeX Font Info:    Font shape `TU/latinmodern-math.otf(3)/m/n' will be
(Font)              scaled to size 5.0pt on input line 132.
LaTeX Font Info:    Trying to load font information for U+msa on input line 132
.

(/research/rgs01/applications/hpcf/authorized_apps/rhel8_apps/texlive/install/2
024/texmf-dist/tex/latex/amsfonts/umsa.fd
File: umsa.fd 2013/01/14 v3.01 AMS symbols A
)
LaTeX Font Info:    Trying to load font information for U+msb on input line 132
.

(/research/rgs01/applications/hpcf/authorized_apps/rhel8_apps/texlive/install/2
024/texmf-dist/tex/latex/amsfonts/umsb.fd
File: umsb.fd 2013/01/14 v3.01 AMS symbols B
)
LaTeX Info: Redefining \microtypecontext on input line 132.
Package microtype Info: Applying patch `item' on input line 132.
Package microtype Info: Applying patch `toc' on input line 132.
Package microtype Info: Applying patch `eqnum' on input line 132.
Package microtype Info: Applying patch `footnote' on input line 132.
Package microtype Info: Applying patch `verbatim' on input line 132.
Package microtype Info: Generating PDF output.
Package microtype Info: Character protrusion enabled (level 2).
Package microtype Info: Using protrusion set `basicmath'.
Package microtype Info: Automatic font expansion enabled (level 2),
(microtype)             stretch: 20, shrink: 20, step: 1, non-selected.
Package microtype Info: Using default expansion set `alltext-nott'.
LaTeX Info: Redefining \showhyphens on input line 132.
Package microtype Info: No adjustment of tracking.
Package microtype Info: No adjustment of spacing.
Package microtype Info: No adjustment of kerning.

(/research/rgs01/applications/hpcf/authorized_apps/rhel8_apps/texlive/install/2
024/texmf-dist/tex/latex/microtype/mt-LatinModernRoman.cfg
File: mt-LatinModernRoman.cfg 2021/02/21 v1.1 microtype config. file: Latin Mod
ern Roman (RS)
)
(/research/rgs01/applications/hpcf/authorized_apps/rhel8_apps/texlive/install/2
024/texmf-dist/tex/context/base/mkii/supp-pdf.mkii
[Loading MPS to PDF converter (version 2006.09.02).]
\scratchcounter=\count321
\scratchdimen=\dimen190
\scratchbox=\box64
\nofMPsegments=\count322
\nofMParguments=\count323
\everyMPshowfont=\toks30
\MPscratchCnt=\count324
\MPscratchDim=\dimen191
\MPnumerator=\count325
\makeMPintoPDFobject=\count326
\everyMPtoPDFconversion=\toks31
)
(/research/rgs01/applications/hpcf/authorized_apps/rhel8_apps/texlive/install/2
024/texmf-dist/tex/latex/epstopdf-pkg/epstopdf-base.sty
Package: epstopdf-base 2020-01-24 v2.11 Base part for package epstopdf
Package epstopdf-base Info: Redefining graphics rule for `.eps' on input line 4
85.

(/research/rgs01/applications/hpcf/authorized_apps/rhel8_apps/texlive/install/2
024/texmf-dist/tex/latex/latexconfig/epstopdf-sys.cfg
File: epstopdf-sys.cfg 2010/07/13 v1.3 Configuration of (r)epstopdf for TeX Liv
e
))
*geometry* driver: auto-detecting
*geometry* detected driver: luatex
*geometry* verbose mode - [ preamble ] result:
* driver: luatex
* paper: <default>
* layout: <same size as paper>
* layoutoffset:(h,v)=(0.0pt,0.0pt)
* modes: 
* h-part:(L,W,R)=(72.26999pt, 469.75502pt, 72.26999pt)
* v-part:(T,H,B)=(72.26999pt, 650.43001pt, 72.26999pt)
* \paperwidth=614.295pt
* \paperheight=794.96999pt
* \textwidth=469.75502pt
* \textheight=650.43001pt
* \oddsidemargin=0.0pt
* \evensidemargin=0.0pt
* \topmargin=-37.0pt
* \headheight=12.0pt
* \headsep=25.0pt
* \topskip=10.0pt
* \footskip=30.0pt
* \marginparwidth=65.0pt
* \marginparsep=11.0pt
* \columnsep=10.0pt
* \skip\footins=9.0pt plus 4.0pt minus 2.0pt
* \hoffset=0.0pt
* \voffset=0.0pt
* \mag=1000
* \@twocolumnfalse
* \@twosidefalse
* \@mparswitchfalse
* \@reversemarginfalse
* (1in=72.27pt=25.4mm, 1cm=28.453pt)

Package hyperref Info: Link coloring ON on input line 132.
LaTeX Font Info:    Font shape `TU/latinmodern-math.otf(1)/m/n' will be
(Font)              scaled to size 12.0pt on input line 134.
LaTeX Font Info:    Font shape `TU/latinmodern-math.otf(1)/m/n' will be
(Font)              scaled to size 8.0pt on input line 134.
LaTeX Font Info:    Font shape `TU/latinmodern-math.otf(1)/m/n' will be
(Font)              scaled to size 6.0pt on input line 134.
LaTeX Font Info:    Font shape `TU/latinmodern-math.otf(2)/m/n' will be
(Font)              scaled to size 12.0pt on input line 134.
LaTeX Font Info:    Font shape `TU/latinmodern-math.otf(2)/m/n' will be
(Font)              scaled to size 8.0pt on input line 134.
LaTeX Font Info:    Font shape `TU/latinmodern-math.otf(2)/m/n' will be
(Font)              scaled to size 6.0pt on input line 134.
LaTeX Font Info:    Font shape `TU/latinmodern-math.otf(3)/m/n' will be
(Font)              scaled to size 12.0pt on input line 134.
LaTeX Font Info:    Font shape `TU/latinmodern-math.otf(3)/m/n' will be
(Font)              scaled to size 8.0pt on input line 134.
LaTeX Font Info:    Font shape `TU/latinmodern-math.otf(3)/m/n' will be
(Font)              scaled to size 6.0pt on input line 134.

(/research/rgs01/applications/hpcf/authorized_apps/rhel8_apps/texlive/install/2
024/texmf-dist/tex/latex/microtype/mt-msa.cfg
File: mt-msa.cfg 2006/02/04 v1.1 microtype config. file: AMS symbols (a) (RS)
)
(/research/rgs01/applications/hpcf/authorized_apps/rhel8_apps/texlive/install/2
024/texmf-dist/tex/latex/microtype/mt-msb.cfg
File: mt-msb.cfg 2005/06/01 v1.0 microtype config. file: AMS symbols (b) (RS)
)
Overfull \hbox (59.68523pt too wide) in paragraph at lines 134--134
 [] 
 []

(./Report-data-exploratory-analysis-2024-09-11.toc)
\tf@toc=\write4

\openout4 = Report-data-exploratory-analysis-2024-09-11.toc
</research/dept/dnb/core_operations/Bioinformatics/achroni/GitHub/KIDS24-team1/
figures/img/chromic-logo.png, id=17, 444.57pt x 96.36pt>
File: /research/dept/dnb/core_operations/Bioinformatics/achroni/GitHub/KIDS24-t
eam1/figures/img/chromic-logo.png Graphic file (type png)
<use /research/dept/dnb/core_operations/Bioinformatics/achroni/GitHub/KIDS24-te
am1/figures/img/chromic-logo.png>
Package luatex.def Info: /research/dept/dnb/core_operations/Bioinformatics/achr
oni/GitHub/KIDS24-team1/figures/img/chromic-logo.png  used on input line 153.
(luatex.def)             Requested size: 444.56892pt x 96.35974pt.

Package fancyhdr Warning: \headheight is too small (68.9055pt): 
(fancyhdr)                Make it at least 99.95978pt, for example:
(fancyhdr)                \setlength{\headheight}{99.95978pt}.
(fancyhdr)                You might also make \topmargin smaller to compensate:

(fancyhdr)                \addtolength{\topmargin}{-31.05428pt}.

[1

{/research/rgs01/applications/hpcf/authorized_apps/rhel8_apps/texlive/install/20
24/texmf-var/fonts/map/pdftex/updmap/pdftex.map}</research/dept/dnb/core_operati
ons/Bioinformatics/achroni/GitHub/KIDS24-team1/figures/img/chromic-logo.png>]
Underfull \hbox (badness 10000) in paragraph at lines 159--161

 []

[2]
LaTeX Font Info:    Font shape `TU/lmtt/bx/n' in size <10> not available
(Font)              Font shape `TU/lmtt/b/n' tried instead on input line 183.
[3] [4]
</research_jude/rgs01_jude/dept/DNB/core_operations/Bioinformatics/achroni/GitH
ub/KIDS24-team1/analyses/data-exploratory-analysis/plots/Report-data-explorator
y-analysis-2024-09-11_files/figure-latex/plot1-1.pdf, id=59, 401.5pt x 320.1962
4pt>
File: /research_jude/rgs01_jude/dept/DNB/core_operations/Bioinformatics/achroni
/GitHub/KIDS24-team1/analyses/data-exploratory-analysis/plots/Report-data-explo
ratory-analysis-2024-09-11_files/figure-latex/plot1-1.pdf Graphic file (type pd
f)
<use /research_jude/rgs01_jude/dept/DNB/core_operations/Bioinformatics/achroni/
GitHub/KIDS24-team1/analyses/data-exploratory-analysis/plots/Report-data-explor
atory-analysis-2024-09-11_files/figure-latex/plot1-1.pdf>
Package luatex.def Info: /research_jude/rgs01_jude/dept/DNB/core_operations/Bio
informatics/achroni/GitHub/KIDS24-team1/analyses/data-exploratory-analysis/plot
s/Report-data-exploratory-analysis-2024-09-11_files/figure-latex/plot1-1.pdf  u
sed on input line 319.
(luatex.def)             Requested size: 401.50513pt x 320.20033pt.
[5</research_jude/rgs01_jude/dept/DNB/core_operations/Bioinformatics/achroni/Git
Hub/KIDS24-team1/analyses/data-exploratory-analysis/plots/Report-data-explorator
y-analysis-2024-09-11_files/figure-latex/plot1-1.pdf>] [6]
</research_jude/rgs01_jude/dept/DNB/core_operations/Bioinformatics/achroni/GitH
ub/KIDS24-team1/analyses/data-exploratory-analysis/plots/Report-data-explorator
y-analysis-2024-09-11_files/figure-latex/plot2-1.pdf, id=76, 402.50375pt x 320.
19624pt>
File: /research_jude/rgs01_jude/dept/DNB/core_operations/Bioinformatics/achroni
/GitHub/KIDS24-team1/analyses/data-exploratory-analysis/plots/Report-data-explo
ratory-analysis-2024-09-11_files/figure-latex/plot2-1.pdf Graphic file (type pd
f)
<use /research_jude/rgs01_jude/dept/DNB/core_operations/Bioinformatics/achroni/
GitHub/KIDS24-team1/analyses/data-exploratory-analysis/plots/Report-data-explor
atory-analysis-2024-09-11_files/figure-latex/plot2-1.pdf>
Package luatex.def Info: /research_jude/rgs01_jude/dept/DNB/core_operations/Bio
informatics/achroni/GitHub/KIDS24-team1/analyses/data-exploratory-analysis/plot
s/Report-data-exploratory-analysis-2024-09-11_files/figure-latex/plot2-1.pdf  u
sed on input line 378.
(luatex.def)             Requested size: 402.50276pt x 320.19545pt.
[7</research_jude/rgs01_jude/dept/DNB/core_operations/Bioinformatics/achroni/Git
Hub/KIDS24-team1/analyses/data-exploratory-analysis/plots/Report-data-explorator
y-analysis-2024-09-11_files/figure-latex/plot2-1.pdf>] [8]
</research_jude/rgs01_jude/dept/DNB/core_operations/Bioinformatics/achroni/GitH
ub/KIDS24-team1/analyses/data-exploratory-analysis/plots/Report-data-explorator
y-analysis-2024-09-11_files/figure-latex/plot3-1.pdf, id=93, 405.515pt x 319.19
25pt>
File: /research_jude/rgs01_jude/dept/DNB/core_operations/Bioinformatics/achroni
/GitHub/KIDS24-team1/analyses/data-exploratory-analysis/plots/Report-data-explo
ratory-analysis-2024-09-11_files/figure-latex/plot3-1.pdf Graphic file (type pd
f)
<use /research_jude/rgs01_jude/dept/DNB/core_operations/Bioinformatics/achroni/
GitHub/KIDS24-team1/analyses/data-exploratory-analysis/plots/Report-data-explor
atory-analysis-2024-09-11_files/figure-latex/plot3-1.pdf>
Package luatex.def Info: /research_jude/rgs01_jude/dept/DNB/core_operations/Bio
informatics/achroni/GitHub/KIDS24-team1/analyses/data-exploratory-analysis/plot
s/Report-data-exploratory-analysis-2024-09-11_files/figure-latex/plot3-1.pdf  u
sed on input line 489.
(luatex.def)             Requested size: 405.51399pt x 319.19171pt.
[9</research_jude/rgs01_jude/dept/DNB/core_operations/Bioinformatics/achroni/Git
Hub/KIDS24-team1/analyses/data-exploratory-analysis/plots/Report-data-explorator
y-analysis-2024-09-11_files/figure-latex/plot3-1.pdf>]
Overfull \hbox (2.97101pt too wide) in paragraph at lines 527--528
 []\TU/lmr/m/n/10 WGBS 
 []


Overfull \hbox (4.50314pt too wide) in paragraph at lines 531--532
[]\TU/lmr/m/n/10 RNAseq  
 []


Overfull \hbox (2.97101pt too wide) in paragraph at lines 549--550
 []\TU/lmr/m/n/10 WGBS 
 []


Overfull \hbox (4.50314pt too wide) in paragraph at lines 553--554
[]\TU/lmr/m/n/10 RNAseq  
 []


Overfull \hbox (15.82625pt too wide) in paragraph at lines 565--565
 []|\TU/lmr/m/n/10 SJH0H5WYREP| 
 []


Overfull \hbox (16.24765pt too wide) in paragraph at lines 566--566
 []|\TU/lmr/m/n/10 SJH2HPPEEKM| 
 []


Overfull \hbox (5.74202pt too wide) in paragraph at lines 567--567
 []|\TU/lmr/m/n/10 SJH51B396IW| 
 []


Overfull \hbox (7.09305pt too wide) in paragraph at lines 569--569
 []|\TU/lmr/m/n/10 SJHA6KC56J6| 
 []


Overfull \hbox (8.74084pt too wide) in paragraph at lines 571--571
 []|\TU/lmr/m/n/10 SJHC70DZRJS| 
 []


Overfull \hbox (13.75706pt too wide) in paragraph at lines 572--572
 []|\TU/lmr/m/n/10 SJHCN03RCVD| 
 []


Overfull \hbox (7.78046pt too wide) in paragraph at lines 576--576
 []|\TU/lmr/m/n/10 SJHI8CC7QT8| 
 []


Overfull \hbox (16.06747pt too wide) in paragraph at lines 579--579
 []|\TU/lmr/m/n/10 SJHKYUIYAME| 
 []


Overfull \hbox (14.60126pt too wide) in paragraph at lines 581--581
 []|\TU/lmr/m/n/10 SJHUMKP2L6V| 
 []


Overfull \hbox (14.71889pt too wide) in paragraph at lines 582--582
 []|\TU/lmr/m/n/10 SJHXTBTQ5ZT| 
 []


Overfull \hbox (11.19086pt too wide) in paragraph at lines 583--583
 []|\TU/lmr/m/n/10 SJH5HCKPC97| 
 []


Overfull \hbox (11.32806pt too wide) in paragraph at lines 584--584
 []|\TU/lmr/m/n/10 SJH98QNKIUU| 
 []


Overfull \hbox (13.23906pt too wide) in paragraph at lines 585--585
 []|\TU/lmr/m/n/10 SJH5QHZM4US| 
 []


Overfull \hbox (14.87566pt too wide) in paragraph at lines 586--586
 []|\TU/lmr/m/n/10 SJHADL5OJME| 
 []


Overfull \hbox (14.84486pt too wide) in paragraph at lines 588--588
 []|\TU/lmr/m/n/10 SJHBL7CDYRN| 
 []


Overfull \hbox (17.57907pt too wide) in paragraph at lines 590--590
 []|\TU/lmr/m/n/10 SJHEOVURBMJ| 
 []


Overfull \hbox (11.87685pt too wide) in paragraph at lines 592--592
 []|\TU/lmr/m/n/10 SJHHW23UJ9P| 
 []


Overfull \hbox (9.01524pt too wide) in paragraph at lines 593--593
 []|\TU/lmr/m/n/10 SJHJ59RLHSU| 
 []


Overfull \hbox (11.87683pt too wide) in paragraph at lines 595--595
 []|\TU/lmr/m/n/10 SJHMI643DMD| 
 []


Overfull \hbox (13.78784pt too wide) in paragraph at lines 596--596
 []|\TU/lmr/m/n/10 SJHQBOPS9FD| 
 []


Overfull \hbox (9.15245pt too wide) in paragraph at lines 598--598
 []|\TU/lmr/m/n/10 SJHVIS5Q8HX| 
 []


Overfull \hbox (13.18025pt too wide) in paragraph at lines 599--599
 []|\TU/lmr/m/n/10 SJHEQG3P4FK| 
 []


Overfull \hbox (12.21983pt too wide) in paragraph at lines 601--601
 []|\TU/lmr/m/n/10 SJH2W47P7DG| 
 []


Overfull \hbox (14.08788pt too wide) in paragraph at lines 602--602
 []|\TU/lmr/m/n/10 SJHAY4GX4AN| 
 []


Overfull \hbox (14.31706pt too wide) in paragraph at lines 604--604
 []|\TU/lmr/m/n/10 SJHBV3Q6UVR| 
 []


Overfull \hbox (12.14145pt too wide) in paragraph at lines 607--607
 []|\TU/lmr/m/n/10 SJHI52BLNWK| 
 []


Overfull \hbox (10.22906pt too wide) in paragraph at lines 610--610
 []|\TU/lmr/m/n/10 SJHOY05OJJN| 
 []


Overfull \hbox (13.78784pt too wide) in paragraph at lines 611--611
 []|\TU/lmr/m/n/10 SJHQBOPS9FD| 
 []


Overfull \hbox (9.15245pt too wide) in paragraph at lines 613--613
 []|\TU/lmr/m/n/10 SJHVIS5Q8HX| 
 []


Overfull \hbox (15.23306pt too wide) in paragraph at lines 614--614
 []|\TU/lmr/m/n/10 SJHWS0NRZVA| 
 []


Overfull \hbox (18.39249pt too wide) in paragraph at lines 615--615
 []|\TU/lmr/m/n/10 SJHXIKCWNKY| 
 []


Overfull \hbox (14.66986pt too wide) in paragraph at lines 617--617
 []|\TU/lmr/m/n/10 SJHZW7GYEF9| 
 []


Overfull \hbox (11.19086pt too wide) in paragraph at lines 618--618
 []|\TU/lmr/m/n/10 SJH5HCKPC97| 
 []


Overfull \hbox (8.74084pt too wide) in paragraph at lines 619--619
 []|\TU/lmr/m/n/10 SJHC70DZRJS| 
 []


Overfull \hbox (12.62166pt too wide) in paragraph at lines 623--623
 []|\TU/lmr/m/n/10 SJHC1QST5GR| 
 []


Overfull \hbox (10.92624pt too wide) in paragraph at lines 626--626
 []|\TU/lmr/m/n/10 SJHQS0D51KH| 
 []


Overfull \hbox (14.32686pt too wide) in paragraph at lines 627--627
 []|\TU/lmr/m/n/10 SJHXVMEU21L| 
 []


Overfull \hbox (18.11807pt too wide) in paragraph at lines 628--628
 []|\TU/lmr/m/n/10 SJHY4W1ZWCY| 
 []

[10] [11] [12]
Overfull \hbox (144.49498pt too wide) in paragraph at lines 695--695
[]\TU/lmtt/m/n/10 ## BLAS:   /research/rgs01/applications/hpcf/authorized_apps/r
hel8_apps/lapack/3.10.1/install/lib64/libblas.so.3.10.1[] 
 []


Overfull \hbox (154.99498pt too wide) in paragraph at lines 695--695
[]\TU/lmtt/m/n/10 ## LAPACK: /research/rgs01/applications/hpcf/authorized_apps/r
hel8_apps/lapack/3.10.1/install/lib64/liblapack.so.3.10.1[] 
 []

[13] (./Report-data-exploratory-analysis-2024-09-11.aux)
 ***********
LaTeX2e <2023-11-01> patch level 1
L3 programming layer <2024-03-14>
 ***********
)

Here is how much of LuaTeX's memory you used:
 21502 strings out of 476435
 195462,1977958 words of node,token memory allocated
 612 words of node memory still in use:
   7 hlist, 2 vlist, 2 rule, 1 local_par, 4 glue, 4 kern, 1 penalty, 3 glyph, 8 
attribute, 66 glue_spec, 8 attribute_list, 1 write, 1 user_defined nodes
   avail lists: 1:5,2:6585,3:2516,4:295,5:325,6:1227,7:12347,8:19,9:7712,10:5,11
:178
 43180 multiletter control sequences out of 65536+600000
 65 fonts using 19421415 bytes
 90i,15n,121p,1291b,499s stack positions out of 10000i,1000n,20000p,200000b,200000s
</research/rgs01/applications/hpcf/authorized_apps/rhel8_apps/texlive/install/20
24/texmf-dist/fonts/opentype/public/lm/lmmono10-italic.otf></research/rgs01/appl
ications/hpcf/authorized_apps/rhel8_apps/texlive/install/2024/texmf-dist/fonts/o
pentype/public/lm/lmmonolt10-bold.otf></research/rgs01/applications/hpcf/authori
zed_apps/rhel8_apps/texlive/install/2024/texmf-dist/fonts/opentype/public/lm/lmm
ono10-regular.otf></research/rgs01/applications/hpcf/authorized_apps/rhel8_apps/
texlive/install/2024/texmf-dist/fonts/opentype/public/lm/lmroman10-regular.otf><
/research/rgs01/applications/hpcf/authorized_apps/rhel8_apps/texlive/install/202
4/texmf-dist/fonts/opentype/public/lm/lmroman10-bold.otf></research/rgs01/applic
ations/hpcf/authorized_apps/rhel8_apps/texlive/install/2024/texmf-dist/fonts/ope
ntype/public/lm/lmroman12-bold.otf></research/rgs01/applications/hpcf/authorized
_apps/rhel8_apps/texlive/install/2024/texmf-dist/fonts/opentype/public/lm/lmroma
n12-regular.otf></research/rgs01/applications/hpcf/authorized_apps/rhel8_apps/te
xlive/install/2024/texmf-dist/fonts/opentype/public/lm/lmroman17-regular.otf>
Output written on Report-data-exploratory-analysis-2024-09-11.pdf (13 pages, 18
5023 bytes).

PDF statistics: 214 PDF objects out of 1000 (max. 8388607)
 162 compressed objects within 2 object streams
 31 named destinations out of 1000 (max. 131072)
 97 words of extra memory for PDF output out of 10000 (max. 100000000)

